generating a random set of kindom cards
k[0] : 26 , Treasure Map
k[1] : 24 , Salvager
k[2] : 23 , Outpost
k[3] : 25 , Sea Hag
k[4] : 8 , Council Room
k[5] : 16 , Great Hall
k[6] : 19 , Tribute
k[7] : 11 , Mine
k[8] : 9 , Feast
k[9] : 22 , Embargo
number of player is 4 
your fav card is Council Room
0: bought Council Room
0: end turn
your fav card is Sea Hag
1: bought silver
1: end turn
your fav card is Outpost
2: bought silver
2: end turn
your fav card is Outpost
3: bought silver
3: end turn
your fav card is Council Room
0: bought silver
0: end turn
your fav card is Sea Hag
1: bought Sea Hag
1: end turn
your fav card is Outpost
2: bought Outpost
2: end turn
your fav card is Outpost
3: bought Outpost
3: end turn
your fav card is Council Room
0: bought silver
0: end turn
your fav card is Sea Hag
1: Sea Hag played from position 4
Sea Hag played.
1: bought silver
1: end turn
your fav card is Outpost
2: bought gold
2: end turn
your fav card is Outpost
3: bought Outpost
3: end turn
your fav card is Council Room
0: bought Council Room
0: end turn
your fav card is Sea Hag
1: bought Sea Hag
1: end turn
your fav card is Outpost
2: end turn
your fav card is Outpost
3: bought Outpost
3: end turn
your fav card is Council Room
0: bought silver
0: end turn
your fav card is Sea Hag
1: Sea Hag played from position 4
Sea Hag played.
1: end turn
your fav card is Outpost
2: bought gold
2: end turn
your fav card is Outpost
3: bought silver
3: end turn
your fav card is Council Room
0: end turn
your fav card is Sea Hag
1: bought gold
1: end turn
your fav card is Outpost
2: end turn
your fav card is Outpost
3: bought Outpost
3: end turn
your fav card is Council Room
0: Council Room played from position 1
Council Room played.
0: bought province
0: end turn
your fav card is Sea Hag
1: bought Sea Hag
1: end turn
your fav card is Outpost
2: bought silver
2: end turn
your fav card is Outpost
3: bought gold
3: end turn
your fav card is Council Room
0: bought silver
0: end turn
your fav card is Sea Hag
1: bought gold
1: end turn
your fav card is Outpost
2: bought gold
2: end turn
your fav card is Outpost
3: bought Outpost
3: end turn
your fav card is Council Room
0: bought Council Room
0: end turn
your fav card is Sea Hag
1: Sea Hag played from position 3
Sea Hag played.
1: bought silver
1: end turn
your fav card is Outpost
2: bought Outpost
2: end turn
your fav card is Outpost
3: bought gold
3: end turn
your fav card is Council Room
0: bought Council Room
0: end turn
your fav card is Sea Hag
1: bought province
1: end turn
your fav card is Outpost
2: bought Outpost
2: end turn
your fav card is Outpost
3: bought gold
3: end turn
your fav card is Council Room
0: Council Room played from position 1
Council Room played.
0: bought province
0: end turn
your fav card is Sea Hag
1: Sea Hag played from position 0
Sea Hag played.
1: bought Sea Hag
1: end turn
your fav card is Outpost
2: Outpost played from position 0
Outpost played.
2: bought silver
2: end turn
your fav card is Outpost
3: bought Outpost
3: end turn
your fav card is Council Room
0: bought Council Room
0: end turn
your fav card is Sea Hag
1: bought Sea Hag
1: end turn
your fav card is Outpost
2: bought silver
2: end turn
your fav card is Outpost
3: bought province
3: end turn
your fav card is Council Room
0: bought Council Room
0: end turn
your fav card is Sea Hag
1: Sea Hag played from position 4
Sea Hag played.
1: bought Sea Hag
1: end turn
your fav card is Outpost
2: bought Outpost
2: end turn
your fav card is Outpost
3: bought province
3: end turn
your fav card is Council Room
0: bought silver
0: end turn
your fav card is Sea Hag
1: bought province
1: end turn
your fav card is Outpost
2: bought Outpost
2: end turn
your fav card is Outpost
3: bought gold
3: end turn
your fav card is Council Room
0: Council Room played from position 3
Council Room played.
0: bought province
0: end turn
your fav card is Sea Hag
1: Sea Hag played from position 4
Sea Hag played.
1: bought silver
1: end turn
your fav card is Outpost
2: Outpost played from position 2
Outpost played.
2: bought silver
2: end turn
your fav card is Outpost
3: bought province
3: end turn
your fav card is Council Room
0: bought Council Room
0: end turn
your fav card is Sea Hag
1: Sea Hag played from position 1
Sea Hag played.
1: bought gold
1: end turn
your fav card is Outpost
2: Outpost played from position 4
Outpost played.
2: bought silver
2: end turn
your fav card is Outpost
3: bought Outpost
3: end turn
your fav card is Council Room
0: bought province
0: end turn
your fav card is Sea Hag
1: Sea Hag played from position 1
Sea Hag played.
1: bought Sea Hag
1: end turn
your fav card is Outpost
2: bought gold
2: end turn
your fav card is Outpost
3: bought gold
3: end turn
your fav card is Council Room
0: bought gold
0: end turn
your fav card is Sea Hag
1: Sea Hag played from position 1
Sea Hag played.
1: bought Sea Hag
1: end turn
your fav card is Outpost
2: Outpost played from position 3
Outpost played.
2: bought gold
2: end turn
your fav card is Outpost
3: bought province
3: end turn
your fav card is Council Room
0: bought province
0: end turn
your fav card is Sea Hag
1: Sea Hag played from position 1
Sea Hag played.
1: bought Sea Hag
1: end turn
your fav card is Outpost
2: bought province
2: end turn
Finished game.
Player 0: 8
Player 1: 6
Player 2: 8
Player 3: 12
File 'dominion.c'
Lines executed:43.50% of 577
dominion.c:creating 'dominion.c.gcov'

